23:27:55 **** Incremental Build of configuration Debug for project 011Exception_entry_exit ****
make -j8 all 
arm-none-eabi-gcc -mcpu=cortex-m4 -g3 -DDEBUG -c -x assembler-with-cpp -MMD -MP -MF"Startup/startup_stm32f407vgtx.d" -MT"Startup/startup_stm32f407vgtx.o" --specs=nano.specs -mfloat-abi=soft -mthumb -o "Startup/startup_stm32f407vgtx.o" "../Startup/startup_stm32f407vgtx.s"
arm-none-eabi-gcc "../Src/main.c" -mcpu=cortex-m4 -std=gnu11 -g3 -DDEBUG -DSTM32 -DSTM32F407G_DISC1 -DSTM32F4 -DSTM32F407VGTx -c -I../Inc -O0 -ffunction-sections -fdata-sections -Wall -fstack-usage -MMD -MP -MF"Src/main.d" -MT"Src/main.o" --specs=nano.specs -mfloat-abi=soft -mthumb -o "Src/main.o"
arm-none-eabi-gcc "../Src/syscalls.c" -mcpu=cortex-m4 -std=gnu11 -g3 -DDEBUG -DSTM32 -DSTM32F407G_DISC1 -DSTM32F4 -DSTM32F407VGTx -c -I../Inc -O0 -ffunction-sections -fdata-sections -Wall -fstack-usage -MMD -MP -MF"Src/syscalls.d" -MT"Src/syscalls.o" --specs=nano.specs -mfloat-abi=soft -mthumb -o "Src/syscalls.o"
arm-none-eabi-gcc "../Src/sysmem.c" -mcpu=cortex-m4 -std=gnu11 -g3 -DDEBUG -DSTM32 -DSTM32F407G_DISC1 -DSTM32F4 -DSTM32F407VGTx -c -I../Inc -O0 -ffunction-sections -fdata-sections -Wall -fstack-usage -MMD -MP -MF"Src/sysmem.d" -MT"Src/sysmem.o" --specs=nano.specs -mfloat-abi=soft -mthumb -o "Src/sysmem.o"
arm-none-eabi-gcc -o "011Exception_entry_exit.elf" @"objects.list"   -mcpu=cortex-m4 -T"C:\learning\CortexMxProcessor\Course_armcortex_mx\cortexmx\011Exception_entry_exit\STM32F407VGTX_FLASH.ld" --specs=nosys.specs -Wl,-Map="011Exception_entry_exit.map" -Wl,--gc-sections -static --specs=nano.specs -mfloat-abi=soft -mthumb -Wl,--start-group -lc -lm -Wl,--end-group
Finished building target: 011Exception_entry_exit.elf
 
arm-none-eabi-size   011Exception_entry_exit.elf 
arm-none-eabi-objdump -h -S  011Exception_entry_exit.elf  > "011Exception_entry_exit.list"
   text	   data	    bss	    dec	    hex	filename
   3960	    108	   1588	   5656	   1618	011Exception_entry_exit.elf
Finished building: default.size.stdout
Finished building: 011Exception_entry_exit.list
 
 
23:30:26 **** Incremental Build of configuration Debug for project 011Exception_entry_exit ****
make -j8 all 
arm-none-eabi-size   011Exception_entry_exit.elf 
   text	   data	    bss	    dec	    hex	filename
   3960	    108	   1588	   5656	   1618	011Exception_entry_exit.elf
Finished building: default.size.stdout
 
23:31:37 **** Incremental Build of configuration Debug for project 011Exception_entry_exit ****
make -j8 all 
arm-none-eabi-size   011Exception_entry_exit.elf 
   text	   data	    bss	    dec	    hex	filename
   3960	    108	   1588	   5656	   1618	011Exception_entry_exit.elf
Finished building: default.size.stdout
 
